<?xml version="1.0" encoding="UTF-8"?>
<testsuite xmlns:xsi="http://www.w3.org/2001/XMLSchema-instance" xsi:noNamespaceSchemaLocation="https://maven.apache.org/surefire/maven-surefire-plugin/xsd/surefire-test-report.xsd" name="org.idpl.mju.mykafkaconsumer.AppTest" time="0.055" tests="1" errors="0" skipped="0" failures="0">
  <properties>
    <property name="java.specification.version" value="15"/>
    <property name="sun.jnu.encoding" value="UTF-8"/>
    <property name="java.class.path" value="/Users/hyeockjin/MOMProject/MyKafkaConsumer/target/test-classes:/Users/hyeockjin/MOMProject/MyKafkaConsumer/target/classes:/Users/hyeockjin/.m2/repository/junit/junit/4.11/junit-4.11.jar:/Users/hyeockjin/.m2/repository/org/hamcrest/hamcrest-core/1.3/hamcrest-core-1.3.jar:/Users/hyeockjin/.m2/repository/org/apache/kafka/kafka_2.13/2.7.0/kafka_2.13-2.7.0.jar:/Users/hyeockjin/.m2/repository/org/apache/kafka/kafka-raft/2.7.0/kafka-raft-2.7.0.jar:/Users/hyeockjin/.m2/repository/com/fasterxml/jackson/core/jackson-databind/2.10.5.1/jackson-databind-2.10.5.1.jar:/Users/hyeockjin/.m2/repository/com/fasterxml/jackson/core/jackson-annotations/2.10.5/jackson-annotations-2.10.5.jar:/Users/hyeockjin/.m2/repository/com/fasterxml/jackson/core/jackson-core/2.10.5/jackson-core-2.10.5.jar:/Users/hyeockjin/.m2/repository/com/fasterxml/jackson/module/jackson-module-scala_2.13/2.10.5/jackson-module-scala_2.13-2.10.5.jar:/Users/hyeockjin/.m2/repository/com/fasterxml/jackson/module/jackson-module-paranamer/2.10.5/jackson-module-paranamer-2.10.5.jar:/Users/hyeockjin/.m2/repository/com/thoughtworks/paranamer/paranamer/2.8/paranamer-2.8.jar:/Users/hyeockjin/.m2/repository/com/fasterxml/jackson/dataformat/jackson-dataformat-csv/2.10.5/jackson-dataformat-csv-2.10.5.jar:/Users/hyeockjin/.m2/repository/com/fasterxml/jackson/datatype/jackson-datatype-jdk8/2.10.5/jackson-datatype-jdk8-2.10.5.jar:/Users/hyeockjin/.m2/repository/net/sf/jopt-simple/jopt-simple/5.0.4/jopt-simple-5.0.4.jar:/Users/hyeockjin/.m2/repository/com/yammer/metrics/metrics-core/2.2.0/metrics-core-2.2.0.jar:/Users/hyeockjin/.m2/repository/org/scala-lang/modules/scala-collection-compat_2.13/2.2.0/scala-collection-compat_2.13-2.2.0.jar:/Users/hyeockjin/.m2/repository/org/scala-lang/modules/scala-java8-compat_2.13/0.9.1/scala-java8-compat_2.13-0.9.1.jar:/Users/hyeockjin/.m2/repository/org/scala-lang/scala-library/2.13.3/scala-library-2.13.3.jar:/Users/hyeockjin/.m2/repository/org/scala-lang/scala-reflect/2.13.3/scala-reflect-2.13.3.jar:/Users/hyeockjin/.m2/repository/com/typesafe/scala-logging/scala-logging_2.13/3.9.2/scala-logging_2.13-3.9.2.jar:/Users/hyeockjin/.m2/repository/org/slf4j/slf4j-api/1.7.30/slf4j-api-1.7.30.jar:/Users/hyeockjin/.m2/repository/org/apache/zookeeper/zookeeper/3.5.8/zookeeper-3.5.8.jar:/Users/hyeockjin/.m2/repository/org/apache/zookeeper/zookeeper-jute/3.5.8/zookeeper-jute-3.5.8.jar:/Users/hyeockjin/.m2/repository/org/apache/yetus/audience-annotations/0.5.0/audience-annotations-0.5.0.jar:/Users/hyeockjin/.m2/repository/io/netty/netty-handler/4.1.48.Final/netty-handler-4.1.48.Final.jar:/Users/hyeockjin/.m2/repository/io/netty/netty-common/4.1.48.Final/netty-common-4.1.48.Final.jar:/Users/hyeockjin/.m2/repository/io/netty/netty-resolver/4.1.48.Final/netty-resolver-4.1.48.Final.jar:/Users/hyeockjin/.m2/repository/io/netty/netty-buffer/4.1.48.Final/netty-buffer-4.1.48.Final.jar:/Users/hyeockjin/.m2/repository/io/netty/netty-transport/4.1.48.Final/netty-transport-4.1.48.Final.jar:/Users/hyeockjin/.m2/repository/io/netty/netty-codec/4.1.48.Final/netty-codec-4.1.48.Final.jar:/Users/hyeockjin/.m2/repository/io/netty/netty-transport-native-epoll/4.1.48.Final/netty-transport-native-epoll-4.1.48.Final.jar:/Users/hyeockjin/.m2/repository/io/netty/netty-transport-native-unix-common/4.1.48.Final/netty-transport-native-unix-common-4.1.48.Final.jar:/Users/hyeockjin/.m2/repository/commons-cli/commons-cli/1.4/commons-cli-1.4.jar:/Users/hyeockjin/.m2/repository/org/apache/kafka/kafka-clients/2.7.0/kafka-clients-2.7.0.jar:/Users/hyeockjin/.m2/repository/com/github/luben/zstd-jni/1.4.5-6/zstd-jni-1.4.5-6.jar:/Users/hyeockjin/.m2/repository/org/lz4/lz4-java/1.7.1/lz4-java-1.7.1.jar:/Users/hyeockjin/.m2/repository/org/xerial/snappy/snappy-java/1.1.7.7/snappy-java-1.1.7.7.jar:/Users/hyeockjin/.m2/repository/org/slf4j/slf4j-log4j12/1.7.26/slf4j-log4j12-1.7.26.jar:/Users/hyeockjin/.m2/repository/log4j/log4j/1.2.17/log4j-1.2.17.jar:"/>
    <property name="java.vm.vendor" value="Oracle Corporation"/>
    <property name="sun.arch.data.model" value="64"/>
    <property name="java.vendor.url" value="https://java.oracle.com/"/>
    <property name="os.name" value="Mac OS X"/>
    <property name="java.vm.specification.version" value="15"/>
    <property name="sun.java.launcher" value="SUN_STANDARD"/>
    <property name="user.country" value="KR"/>
    <property name="sun.boot.library.path" value="/Users/hyeockjin/.p2/pool/plugins/org.eclipse.justj.openjdk.hotspot.jre.full.macosx.x86_64_15.0.2.v20210201-0955/jre/lib"/>
    <property name="sun.java.command" value="/Users/hyeockjin/MOMProject/MyKafkaConsumer/target/surefire/surefirebooter4253297988107796217.jar /Users/hyeockjin/MOMProject/MyKafkaConsumer/target/surefire 2021-04-08T01-13-46_195-jvmRun1 surefire12443261388091760671tmp surefire_03574378545940409684tmp"/>
    <property name="http.nonProxyHosts" value="local|*.local|169.254/16|*.169.254/16"/>
    <property name="jdk.debug" value="release"/>
    <property name="surefire.test.class.path" value="/Users/hyeockjin/MOMProject/MyKafkaConsumer/target/test-classes:/Users/hyeockjin/MOMProject/MyKafkaConsumer/target/classes:/Users/hyeockjin/.m2/repository/junit/junit/4.11/junit-4.11.jar:/Users/hyeockjin/.m2/repository/org/hamcrest/hamcrest-core/1.3/hamcrest-core-1.3.jar:/Users/hyeockjin/.m2/repository/org/apache/kafka/kafka_2.13/2.7.0/kafka_2.13-2.7.0.jar:/Users/hyeockjin/.m2/repository/org/apache/kafka/kafka-raft/2.7.0/kafka-raft-2.7.0.jar:/Users/hyeockjin/.m2/repository/com/fasterxml/jackson/core/jackson-databind/2.10.5.1/jackson-databind-2.10.5.1.jar:/Users/hyeockjin/.m2/repository/com/fasterxml/jackson/core/jackson-annotations/2.10.5/jackson-annotations-2.10.5.jar:/Users/hyeockjin/.m2/repository/com/fasterxml/jackson/core/jackson-core/2.10.5/jackson-core-2.10.5.jar:/Users/hyeockjin/.m2/repository/com/fasterxml/jackson/module/jackson-module-scala_2.13/2.10.5/jackson-module-scala_2.13-2.10.5.jar:/Users/hyeockjin/.m2/repository/com/fasterxml/jackson/module/jackson-module-paranamer/2.10.5/jackson-module-paranamer-2.10.5.jar:/Users/hyeockjin/.m2/repository/com/thoughtworks/paranamer/paranamer/2.8/paranamer-2.8.jar:/Users/hyeockjin/.m2/repository/com/fasterxml/jackson/dataformat/jackson-dataformat-csv/2.10.5/jackson-dataformat-csv-2.10.5.jar:/Users/hyeockjin/.m2/repository/com/fasterxml/jackson/datatype/jackson-datatype-jdk8/2.10.5/jackson-datatype-jdk8-2.10.5.jar:/Users/hyeockjin/.m2/repository/net/sf/jopt-simple/jopt-simple/5.0.4/jopt-simple-5.0.4.jar:/Users/hyeockjin/.m2/repository/com/yammer/metrics/metrics-core/2.2.0/metrics-core-2.2.0.jar:/Users/hyeockjin/.m2/repository/org/scala-lang/modules/scala-collection-compat_2.13/2.2.0/scala-collection-compat_2.13-2.2.0.jar:/Users/hyeockjin/.m2/repository/org/scala-lang/modules/scala-java8-compat_2.13/0.9.1/scala-java8-compat_2.13-0.9.1.jar:/Users/hyeockjin/.m2/repository/org/scala-lang/scala-library/2.13.3/scala-library-2.13.3.jar:/Users/hyeockjin/.m2/repository/org/scala-lang/scala-reflect/2.13.3/scala-reflect-2.13.3.jar:/Users/hyeockjin/.m2/repository/com/typesafe/scala-logging/scala-logging_2.13/3.9.2/scala-logging_2.13-3.9.2.jar:/Users/hyeockjin/.m2/repository/org/slf4j/slf4j-api/1.7.30/slf4j-api-1.7.30.jar:/Users/hyeockjin/.m2/repository/org/apache/zookeeper/zookeeper/3.5.8/zookeeper-3.5.8.jar:/Users/hyeockjin/.m2/repository/org/apache/zookeeper/zookeeper-jute/3.5.8/zookeeper-jute-3.5.8.jar:/Users/hyeockjin/.m2/repository/org/apache/yetus/audience-annotations/0.5.0/audience-annotations-0.5.0.jar:/Users/hyeockjin/.m2/repository/io/netty/netty-handler/4.1.48.Final/netty-handler-4.1.48.Final.jar:/Users/hyeockjin/.m2/repository/io/netty/netty-common/4.1.48.Final/netty-common-4.1.48.Final.jar:/Users/hyeockjin/.m2/repository/io/netty/netty-resolver/4.1.48.Final/netty-resolver-4.1.48.Final.jar:/Users/hyeockjin/.m2/repository/io/netty/netty-buffer/4.1.48.Final/netty-buffer-4.1.48.Final.jar:/Users/hyeockjin/.m2/repository/io/netty/netty-transport/4.1.48.Final/netty-transport-4.1.48.Final.jar:/Users/hyeockjin/.m2/repository/io/netty/netty-codec/4.1.48.Final/netty-codec-4.1.48.Final.jar:/Users/hyeockjin/.m2/repository/io/netty/netty-transport-native-epoll/4.1.48.Final/netty-transport-native-epoll-4.1.48.Final.jar:/Users/hyeockjin/.m2/repository/io/netty/netty-transport-native-unix-common/4.1.48.Final/netty-transport-native-unix-common-4.1.48.Final.jar:/Users/hyeockjin/.m2/repository/commons-cli/commons-cli/1.4/commons-cli-1.4.jar:/Users/hyeockjin/.m2/repository/org/apache/kafka/kafka-clients/2.7.0/kafka-clients-2.7.0.jar:/Users/hyeockjin/.m2/repository/com/github/luben/zstd-jni/1.4.5-6/zstd-jni-1.4.5-6.jar:/Users/hyeockjin/.m2/repository/org/lz4/lz4-java/1.7.1/lz4-java-1.7.1.jar:/Users/hyeockjin/.m2/repository/org/xerial/snappy/snappy-java/1.1.7.7/snappy-java-1.1.7.7.jar:/Users/hyeockjin/.m2/repository/org/slf4j/slf4j-log4j12/1.7.26/slf4j-log4j12-1.7.26.jar:/Users/hyeockjin/.m2/repository/log4j/log4j/1.2.17/log4j-1.2.17.jar:"/>
    <property name="sun.cpu.endian" value="little"/>
    <property name="user.home" value="/Users/hyeockjin"/>
    <property name="user.language" value="ko"/>
    <property name="java.specification.vendor" value="Oracle Corporation"/>
    <property name="java.version.date" value="2021-01-19"/>
    <property name="java.home" value="/Users/hyeockjin/.p2/pool/plugins/org.eclipse.justj.openjdk.hotspot.jre.full.macosx.x86_64_15.0.2.v20210201-0955/jre"/>
    <property name="file.separator" value="/"/>
    <property name="basedir" value="/Users/hyeockjin/MOMProject/MyKafkaConsumer"/>
    <property name="java.vm.compressedOopsMode" value="Zero based"/>
    <property name="line.separator" value="&#10;"/>
    <property name="java.specification.name" value="Java Platform API Specification"/>
    <property name="java.vm.specification.vendor" value="Oracle Corporation"/>
    <property name="surefire.real.class.path" value="/Users/hyeockjin/MOMProject/MyKafkaConsumer/target/surefire/surefirebooter4253297988107796217.jar"/>
    <property name="sun.management.compiler" value="HotSpot 64-Bit Tiered Compilers"/>
    <property name="ftp.nonProxyHosts" value="local|*.local|169.254/16|*.169.254/16"/>
    <property name="java.runtime.version" value="15.0.2+7-27"/>
    <property name="user.name" value="hyeockjin"/>
    <property name="path.separator" value=":"/>
    <property name="os.version" value="10.16"/>
    <property name="java.runtime.name" value="OpenJDK Runtime Environment"/>
    <property name="file.encoding" value="UTF-8"/>
    <property name="java.vm.name" value="OpenJDK 64-Bit Server VM"/>
    <property name="localRepository" value="/Users/hyeockjin/.m2/repository"/>
    <property name="java.vendor.url.bug" value="https://bugreport.java.com/bugreport/"/>
    <property name="java.io.tmpdir" value="/var/folders/hc/2dy4v79d5rbg03ybchrys6pm0000gn/T/"/>
    <property name="java.version" value="15.0.2"/>
    <property name="user.dir" value="/Users/hyeockjin/MOMProject/MyKafkaConsumer"/>
    <property name="os.arch" value="x86_64"/>
    <property name="java.vm.specification.name" value="Java Virtual Machine Specification"/>
    <property name="java.library.path" value="/Users/hyeockjin/Library/Java/Extensions:/Library/Java/Extensions:/Network/Library/Java/Extensions:/System/Library/Java/Extensions:/usr/lib/java:."/>
    <property name="java.vm.info" value="mixed mode"/>
    <property name="java.vendor" value="Oracle Corporation"/>
    <property name="java.vm.version" value="15.0.2+7-27"/>
    <property name="sun.io.unicode.encoding" value="UnicodeBig"/>
    <property name="socksNonProxyHosts" value="local|*.local|169.254/16|*.169.254/16"/>
    <property name="java.class.version" value="59.0"/>
  </properties>
  <testcase name="shouldAnswerWithTrue" classname="org.idpl.mju.mykafkaconsumer.AppTest" time="0.002"/>
</testsuite>